{"/home/hanninev/blogilista-frontend/src/App.js": {"path":"/home/hanninev/blogilista-frontend/src/App.js","statementMap":{"0":{"start":{"line":13,"column":4},"end":{"line":13,"column":16}},"1":{"start":{"line":14,"column":4},"end":{"line":26,"column":5}},"2":{"start":{"line":30,"column":4},"end":{"line":32,"column":5}},"3":{"start":{"line":31,"column":6},"end":{"line":31,"column":30}},"4":{"start":{"line":34,"column":25},"end":{"line":34,"column":70}},"5":{"start":{"line":35,"column":2},"end":{"line":39,"column":3}},"6":{"start":{"line":36,"column":17},"end":{"line":36,"column":43}},"7":{"start":{"line":37,"column":4},"end":{"line":37,"column":25}},"8":{"start":{"line":38,"column":4},"end":{"line":38,"column":36}},"9":{"start":{"line":42,"column":17},"end":{"line":45,"column":3}},"10":{"start":{"line":43,"column":4},"end":{"line":43,"column":52}},"11":{"start":{"line":44,"column":4},"end":{"line":44,"column":68}},"12":{"start":{"line":47,"column":21},"end":{"line":56,"column":3}},"13":{"start":{"line":48,"column":2},"end":{"line":55,"column":3}},"14":{"start":{"line":49,"column":6},"end":{"line":49,"column":39}},"15":{"start":{"line":50,"column":6},"end":{"line":54,"column":6}},"16":{"start":{"line":52,"column":8},"end":{"line":52,"column":25}},"17":{"start":{"line":58,"column":19},"end":{"line":65,"column":3}},"18":{"start":{"line":59,"column":4},"end":{"line":59,"column":19}},"19":{"start":{"line":61,"column":5},"end":{"line":61,"column":44}},"20":{"start":{"line":62,"column":19},"end":{"line":62,"column":45}},"21":{"start":{"line":63,"column":5},"end":{"line":63,"column":29}},"22":{"start":{"line":68,"column":4},"end":{"line":68,"column":26}},"23":{"start":{"line":69,"column":4},"end":{"line":69,"column":36}},"24":{"start":{"line":70,"column":23},"end":{"line":74,"column":5}},"25":{"start":{"line":76,"column":4},"end":{"line":76,"column":40}},"26":{"start":{"line":77,"column":18},"end":{"line":77,"column":44}},"27":{"start":{"line":78,"column":8},"end":{"line":84,"column":10}},"28":{"start":{"line":88,"column":4},"end":{"line":88,"column":62}},"29":{"start":{"line":92,"column":4},"end":{"line":92,"column":51}},"30":{"start":{"line":96,"column":2},"end":{"line":96,"column":24}},"31":{"start":{"line":97,"column":2},"end":{"line":113,"column":3}},"32":{"start":{"line":98,"column":17},"end":{"line":101,"column":6}},"33":{"start":{"line":103,"column":4},"end":{"line":103,"column":71}},"34":{"start":{"line":104,"column":4},"end":{"line":104,"column":36}},"35":{"start":{"line":105,"column":4},"end":{"line":105,"column":96}},"36":{"start":{"line":107,"column":4},"end":{"line":109,"column":6}},"37":{"start":{"line":110,"column":4},"end":{"line":112,"column":12}},"38":{"start":{"line":111,"column":6},"end":{"line":111,"column":36}},"39":{"start":{"line":117,"column":4},"end":{"line":121,"column":5}},"40":{"start":{"line":118,"column":12},"end":{"line":120,"column":16}},"41":{"start":{"line":119,"column":8},"end":{"line":119,"column":40}},"42":{"start":{"line":123,"column":24},"end":{"line":130,"column":7}},"43":{"start":{"line":124,"column":6},"end":{"line":129,"column":10}},"44":{"start":{"line":132,"column":23},"end":{"line":142,"column":7}},"45":{"start":{"line":133,"column":6},"end":{"line":141,"column":20}},"46":{"start":{"line":133,"column":61},"end":{"line":133,"column":86}},"47":{"start":{"line":144,"column":26},"end":{"line":156,"column":6}},"48":{"start":{"line":145,"column":8},"end":{"line":147,"column":10}},"49":{"start":{"line":146,"column":10},"end":{"line":146,"column":34}},"50":{"start":{"line":149,"column":8},"end":{"line":156,"column":5}},"51":{"start":{"line":153,"column":8},"end":{"line":153,"column":81}},"52":{"start":{"line":157,"column":4},"end":{"line":173,"column":5}}},"fnMap":{"0":{"name":"(anonymous_0)","decl":{"start":{"line":12,"column":2},"end":{"line":12,"column":3}},"loc":{"start":{"line":12,"column":21},"end":{"line":27,"column":3}},"line":12},"1":{"name":"(anonymous_1)","decl":{"start":{"line":29,"column":2},"end":{"line":29,"column":3}},"loc":{"start":{"line":29,"column":22},"end":{"line":40,"column":3}},"line":29},"2":{"name":"(anonymous_2)","decl":{"start":{"line":30,"column":30},"end":{"line":30,"column":31}},"loc":{"start":{"line":31,"column":6},"end":{"line":31,"column":30}},"line":31},"3":{"name":"(anonymous_3)","decl":{"start":{"line":42,"column":11},"end":{"line":42,"column":12}},"loc":{"start":{"line":42,"column":17},"end":{"line":45,"column":3}},"line":42},"4":{"name":"(anonymous_4)","decl":{"start":{"line":42,"column":17},"end":{"line":42,"column":18}},"loc":{"start":{"line":42,"column":23},"end":{"line":45,"column":3}},"line":42},"5":{"name":"(anonymous_5)","decl":{"start":{"line":47,"column":11},"end":{"line":47,"column":12}},"loc":{"start":{"line":47,"column":21},"end":{"line":56,"column":3}},"line":47},"6":{"name":"(anonymous_6)","decl":{"start":{"line":47,"column":21},"end":{"line":47,"column":22}},"loc":{"start":{"line":47,"column":33},"end":{"line":56,"column":3}},"line":47},"7":{"name":"(anonymous_7)","decl":{"start":{"line":51,"column":39},"end":{"line":51,"column":40}},"loc":{"start":{"line":51,"column":51},"end":{"line":53,"column":7}},"line":51},"8":{"name":"(anonymous_8)","decl":{"start":{"line":58,"column":9},"end":{"line":58,"column":10}},"loc":{"start":{"line":58,"column":19},"end":{"line":65,"column":3}},"line":58},"9":{"name":"(anonymous_9)","decl":{"start":{"line":58,"column":19},"end":{"line":58,"column":20}},"loc":{"start":{"line":58,"column":31},"end":{"line":65,"column":3}},"line":58},"10":{"name":"(anonymous_10)","decl":{"start":{"line":67,"column":12},"end":{"line":67,"column":13}},"loc":{"start":{"line":67,"column":29},"end":{"line":85,"column":3}},"line":67},"11":{"name":"(anonymous_11)","decl":{"start":{"line":87,"column":17},"end":{"line":87,"column":18}},"loc":{"start":{"line":87,"column":28},"end":{"line":89,"column":3}},"line":87},"12":{"name":"(anonymous_12)","decl":{"start":{"line":91,"column":18},"end":{"line":91,"column":19}},"loc":{"start":{"line":91,"column":24},"end":{"line":93,"column":3}},"line":91},"13":{"name":"(anonymous_13)","decl":{"start":{"line":95,"column":10},"end":{"line":95,"column":11}},"loc":{"start":{"line":95,"column":27},"end":{"line":114,"column":3}},"line":95},"14":{"name":"(anonymous_14)","decl":{"start":{"line":110,"column":15},"end":{"line":110,"column":16}},"loc":{"start":{"line":110,"column":21},"end":{"line":112,"column":5}},"line":110},"15":{"name":"(anonymous_15)","decl":{"start":{"line":116,"column":2},"end":{"line":116,"column":3}},"loc":{"start":{"line":116,"column":11},"end":{"line":174,"column":3}},"line":116},"16":{"name":"(anonymous_16)","decl":{"start":{"line":118,"column":23},"end":{"line":118,"column":24}},"loc":{"start":{"line":118,"column":29},"end":{"line":120,"column":9}},"line":118},"17":{"name":"(anonymous_17)","decl":{"start":{"line":123,"column":24},"end":{"line":123,"column":25}},"loc":{"start":{"line":124,"column":6},"end":{"line":129,"column":10}},"line":124},"18":{"name":"(anonymous_18)","decl":{"start":{"line":132,"column":23},"end":{"line":132,"column":24}},"loc":{"start":{"line":133,"column":6},"end":{"line":141,"column":20}},"line":133},"19":{"name":"(anonymous_19)","decl":{"start":{"line":133,"column":48},"end":{"line":133,"column":49}},"loc":{"start":{"line":133,"column":61},"end":{"line":133,"column":86}},"line":133},"20":{"name":"(anonymous_20)","decl":{"start":{"line":144,"column":26},"end":{"line":144,"column":27}},"loc":{"start":{"line":144,"column":32},"end":{"line":156,"column":6}},"line":144},"21":{"name":"(anonymous_21)","decl":{"start":{"line":145,"column":30},"end":{"line":145,"column":31}},"loc":{"start":{"line":145,"column":45},"end":{"line":147,"column":9}},"line":145},"22":{"name":"(anonymous_22)","decl":{"start":{"line":152,"column":30},"end":{"line":152,"column":31}},"loc":{"start":{"line":153,"column":8},"end":{"line":153,"column":81}},"line":153}},"branchMap":{"0":{"loc":{"start":{"line":35,"column":2},"end":{"line":39,"column":3}},"type":"if","locations":[{"start":{"line":35,"column":2},"end":{"line":39,"column":3}},{"start":{"line":35,"column":2},"end":{"line":39,"column":3}}],"line":35},"1":{"loc":{"start":{"line":48,"column":2},"end":{"line":55,"column":3}},"type":"if","locations":[{"start":{"line":48,"column":2},"end":{"line":55,"column":3}},{"start":{"line":48,"column":2},"end":{"line":55,"column":3}}],"line":48},"2":{"loc":{"start":{"line":117,"column":4},"end":{"line":121,"column":5}},"type":"if","locations":[{"start":{"line":117,"column":4},"end":{"line":121,"column":5}},{"start":{"line":117,"column":4},"end":{"line":121,"column":5}}],"line":117},"3":{"loc":{"start":{"line":117,"column":7},"end":{"line":117,"column":63}},"type":"binary-expr","locations":[{"start":{"line":117,"column":7},"end":{"line":117,"column":32}},{"start":{"line":117,"column":36},"end":{"line":117,"column":63}}],"line":117},"4":{"loc":{"start":{"line":163,"column":7},"end":{"line":169,"column":12}},"type":"cond-expr","locations":[{"start":{"line":164,"column":6},"end":{"line":164,"column":17}},{"start":{"line":165,"column":6},"end":{"line":169,"column":12}}],"line":163}},"s":{"0":2,"1":2,"2":2,"3":2,"4":2,"5":2,"6":1,"7":1,"8":1,"9":0,"10":0,"11":0,"12":0,"13":0,"14":0,"15":0,"16":0,"17":0,"18":0,"19":0,"20":0,"21":0,"22":0,"23":0,"24":0,"25":0,"26":0,"27":0,"28":0,"29":0,"30":0,"31":0,"32":0,"33":0,"34":0,"35":0,"36":0,"37":0,"38":0,"39":3,"40":0,"41":0,"42":3,"43":3,"44":3,"45":0,"46":0,"47":3,"48":0,"49":0,"50":0,"51":0,"52":3},"f":{"0":2,"1":2,"2":2,"3":0,"4":0,"5":0,"6":0,"7":0,"8":0,"9":0,"10":0,"11":0,"12":0,"13":0,"14":0,"15":3,"16":0,"17":3,"18":0,"19":0,"20":0,"21":0,"22":0},"b":{"0":[1,1],"1":[0,0],"2":[0,3],"3":[3,3],"4":[3,0]},"_coverageSchema":"332fd63041d2c1bcb487cc26dd0d5f7d97098a6c","hash":"8d27972564ac075d503e92b4f9065f97e0c3c255"}
,"/home/hanninev/blogilista-frontend/src/index.js": {"path":"/home/hanninev/blogilista-frontend/src/index.js","statementMap":{"0":{"start":{"line":1,"column":32},"end":{"line":1,"column":81}},"1":{"start":{"line":1,"column":95},"end":{"line":1,"column":111}},"2":{"start":{"line":1,"column":126},"end":{"line":1,"column":156}},"3":{"start":{"line":2,"column":16},"end":{"line":2,"column":36}},"4":{"start":{"line":2,"column":54},"end":{"line":2,"column":87}},"5":{"start":{"line":3,"column":11},"end":{"line":3,"column":27}},"6":{"start":{"line":3,"column":40},"end":{"line":3,"column":68}},"7":{"start":{"line":4,"column":0},"end":{"line":4,"column":23}},"8":{"start":{"line":4,"column":61},"end":{"line":4,"column":115}},"9":{"start":{"line":6,"column":0},"end":{"line":6,"column":181}}},"fnMap":{"0":{"name":"_interopRequireDefault","decl":{"start":{"line":4,"column":32},"end":{"line":4,"column":54}},"loc":{"start":{"line":4,"column":60},"end":{"line":4,"column":116}},"line":4}},"branchMap":{"0":{"loc":{"start":{"line":4,"column":68},"end":{"line":4,"column":114}},"type":"cond-expr","locations":[{"start":{"line":4,"column":92},"end":{"line":4,"column":95}},{"start":{"line":4,"column":98},"end":{"line":4,"column":114}}],"line":4},"1":{"loc":{"start":{"line":4,"column":68},"end":{"line":4,"column":89}},"type":"binary-expr","locations":[{"start":{"line":4,"column":68},"end":{"line":4,"column":71}},{"start":{"line":4,"column":75},"end":{"line":4,"column":89}}],"line":4}},"s":{"0":0,"1":0,"2":0,"3":0,"4":0,"5":0,"6":0,"7":0,"8":0,"9":0},"f":{"0":0},"b":{"0":[0,0],"1":[0,0]}}
,"/home/hanninev/blogilista-frontend/src/setupTests.js": {"path":"/home/hanninev/blogilista-frontend/src/setupTests.js","statementMap":{"0":{"start":{"line":4,"column":0},"end":{"line":4,"column":37}},"1":{"start":{"line":6,"column":17},"end":{"line":6,"column":19}},"2":{"start":{"line":8,"column":25},"end":{"line":14,"column":1}},"3":{"start":{"line":10,"column":4},"end":{"line":10,"column":26}},"4":{"start":{"line":12,"column":20},"end":{"line":12,"column":35}},"5":{"start":{"line":16,"column":0},"end":{"line":16,"column":38}}},"fnMap":{"0":{"name":"(anonymous_0)","decl":{"start":{"line":9,"column":11},"end":{"line":9,"column":12}},"loc":{"start":{"line":9,"column":26},"end":{"line":11,"column":3}},"line":9},"1":{"name":"(anonymous_1)","decl":{"start":{"line":12,"column":11},"end":{"line":12,"column":12}},"loc":{"start":{"line":12,"column":20},"end":{"line":12,"column":35}},"line":12}},"branchMap":{},"s":{"0":3,"1":3,"2":3,"3":1,"4":4,"5":3},"f":{"0":1,"1":4},"b":{},"_coverageSchema":"332fd63041d2c1bcb487cc26dd0d5f7d97098a6c","hash":"b3ac90f925596459e81a8aa38c8d14bbef344bf9"}
,"/home/hanninev/blogilista-frontend/src/components/Blog.js": {"path":"/home/hanninev/blogilista-frontend/src/components/Blog.js","statementMap":{"0":{"start":{"line":6,"column":4},"end":{"line":6,"column":16}},"1":{"start":{"line":7,"column":4},"end":{"line":9,"column":5}},"2":{"start":{"line":13,"column":4},"end":{"line":13,"column":51}},"3":{"start":{"line":17,"column":17},"end":{"line":17,"column":32}},"4":{"start":{"line":18,"column":17},"end":{"line":18,"column":32}},"5":{"start":{"line":19,"column":19},"end":{"line":19,"column":36}},"6":{"start":{"line":21,"column":28},"end":{"line":21,"column":73}},"7":{"start":{"line":22,"column":28},"end":{"line":22,"column":73}},"8":{"start":{"line":24,"column":20},"end":{"line":30,"column":5}},"9":{"start":{"line":32,"column":14},"end":{"line":32,"column":21}},"10":{"start":{"line":33,"column":4},"end":{"line":39,"column":3}},"11":{"start":{"line":34,"column":27},"end":{"line":34,"column":72}},"12":{"start":{"line":35,"column":21},"end":{"line":35,"column":47}},"13":{"start":{"line":36,"column":4},"end":{"line":38,"column":5}},"14":{"start":{"line":37,"column":6},"end":{"line":37,"column":58}},"15":{"start":{"line":41,"column":2},"end":{"line":61,"column":1}}},"fnMap":{"0":{"name":"(anonymous_0)","decl":{"start":{"line":5,"column":2},"end":{"line":5,"column":3}},"loc":{"start":{"line":5,"column":25},"end":{"line":10,"column":3}},"line":5},"1":{"name":"(anonymous_1)","decl":{"start":{"line":12,"column":21},"end":{"line":12,"column":22}},"loc":{"start":{"line":12,"column":27},"end":{"line":14,"column":3}},"line":12},"2":{"name":"(anonymous_2)","decl":{"start":{"line":16,"column":2},"end":{"line":16,"column":3}},"loc":{"start":{"line":16,"column":11},"end":{"line":62,"column":1}},"line":16}},"branchMap":{"0":{"loc":{"start":{"line":21,"column":39},"end":{"line":21,"column":71}},"type":"cond-expr","locations":[{"start":{"line":21,"column":60},"end":{"line":21,"column":66}},{"start":{"line":21,"column":69},"end":{"line":21,"column":71}}],"line":21},"1":{"loc":{"start":{"line":22,"column":39},"end":{"line":22,"column":71}},"type":"cond-expr","locations":[{"start":{"line":22,"column":60},"end":{"line":22,"column":62}},{"start":{"line":22,"column":65},"end":{"line":22,"column":71}}],"line":22},"2":{"loc":{"start":{"line":33,"column":4},"end":{"line":39,"column":3}},"type":"if","locations":[{"start":{"line":33,"column":4},"end":{"line":39,"column":3}},{"start":{"line":33,"column":4},"end":{"line":39,"column":3}}],"line":33},"3":{"loc":{"start":{"line":36,"column":4},"end":{"line":38,"column":5}},"type":"if","locations":[{"start":{"line":36,"column":4},"end":{"line":38,"column":5}},{"start":{"line":36,"column":4},"end":{"line":38,"column":5}}],"line":36}},"s":{"0":2,"1":2,"2":0,"3":2,"4":2,"5":2,"6":2,"7":2,"8":2,"9":2,"10":2,"11":2,"12":2,"13":0,"14":0,"15":0},"f":{"0":2,"1":0,"2":2},"b":{"0":[0,2],"1":[0,2],"2":[2,0],"3":[0,0]},"_coverageSchema":"332fd63041d2c1bcb487cc26dd0d5f7d97098a6c","hash":"e8b99e13c15bc2d851d522ea58ef63a89572e73b"}
,"/home/hanninev/blogilista-frontend/src/components/BlogForm.js": {"path":"/home/hanninev/blogilista-frontend/src/components/BlogForm.js","statementMap":{"0":{"start":{"line":4,"column":17},"end":{"line":41,"column":4}},"1":{"start":{"line":7,"column":2},"end":{"line":41,"column":3}},"2":{"start":{"line":43,"column":2},"end":{"line":49,"column":1}}},"fnMap":{"0":{"name":"(anonymous_0)","decl":{"start":{"line":4,"column":17},"end":{"line":4,"column":18}},"loc":{"start":{"line":6,"column":6},"end":{"line":41,"column":4}},"line":6}},"branchMap":{},"s":{"0":1,"1":0,"2":1},"f":{"0":0},"b":{},"_coverageSchema":"332fd63041d2c1bcb487cc26dd0d5f7d97098a6c","hash":"772f522828ab084e431ffa66eba9009350af2c00"}
,"/home/hanninev/blogilista-frontend/src/components/LoginForm.js": {"path":"/home/hanninev/blogilista-frontend/src/components/LoginForm.js","statementMap":{"0":{"start":{"line":4,"column":18},"end":{"line":32,"column":6}},"1":{"start":{"line":7,"column":4},"end":{"line":32,"column":5}},"2":{"start":{"line":34,"column":0},"end":{"line":39,"column":1}}},"fnMap":{"0":{"name":"(anonymous_0)","decl":{"start":{"line":4,"column":18},"end":{"line":4,"column":19}},"loc":{"start":{"line":6,"column":6},"end":{"line":32,"column":6}},"line":6}},"branchMap":{},"s":{"0":1,"1":3,"2":1},"f":{"0":3},"b":{},"_coverageSchema":"332fd63041d2c1bcb487cc26dd0d5f7d97098a6c","hash":"d1544c472f6ab4813b1783f9b7dd81be3e4f8564"}
,"/home/hanninev/blogilista-frontend/src/components/Notification.js": {"path":"/home/hanninev/blogilista-frontend/src/components/Notification.js","statementMap":{"0":{"start":{"line":3,"column":21},"end":{"line":19,"column":1}},"1":{"start":{"line":4,"column":2},"end":{"line":10,"column":3}},"2":{"start":{"line":5,"column":2},"end":{"line":9,"column":3}},"3":{"start":{"line":11,"column":2},"end":{"line":17,"column":3}},"4":{"start":{"line":12,"column":2},"end":{"line":16,"column":3}},"5":{"start":{"line":18,"column":2},"end":{"line":18,"column":13}}},"fnMap":{"0":{"name":"(anonymous_0)","decl":{"start":{"line":3,"column":21},"end":{"line":3,"column":22}},"loc":{"start":{"line":3,"column":45},"end":{"line":19,"column":1}},"line":3}},"branchMap":{"0":{"loc":{"start":{"line":4,"column":2},"end":{"line":10,"column":3}},"type":"if","locations":[{"start":{"line":4,"column":2},"end":{"line":10,"column":3}},{"start":{"line":4,"column":2},"end":{"line":10,"column":3}}],"line":4},"1":{"loc":{"start":{"line":11,"column":2},"end":{"line":17,"column":3}},"type":"if","locations":[{"start":{"line":11,"column":2},"end":{"line":17,"column":3}},{"start":{"line":11,"column":2},"end":{"line":17,"column":3}}],"line":11}},"s":{"0":1,"1":3,"2":0,"3":3,"4":0,"5":3},"f":{"0":3},"b":{"0":[0,3],"1":[0,3]},"_coverageSchema":"332fd63041d2c1bcb487cc26dd0d5f7d97098a6c","hash":"3a881d3633d9a5e0cea286c70e6c671e10b2e3ec"}
,"/home/hanninev/blogilista-frontend/src/components/SimpleBlog.js": {"path":"/home/hanninev/blogilista-frontend/src/components/SimpleBlog.js","statementMap":{"0":{"start":{"line":3,"column":19},"end":{"line":13,"column":1}},"1":{"start":{"line":4,"column":2},"end":{"line":12,"column":8}}},"fnMap":{"0":{"name":"(anonymous_0)","decl":{"start":{"line":3,"column":19},"end":{"line":3,"column":20}},"loc":{"start":{"line":4,"column":2},"end":{"line":12,"column":8}},"line":4}},"branchMap":{},"s":{"0":2,"1":2},"f":{"0":2},"b":{},"_coverageSchema":"332fd63041d2c1bcb487cc26dd0d5f7d97098a6c","hash":"4bb0da1319b7ad6b7c5dc70c828b41801997c471"}
,"/home/hanninev/blogilista-frontend/src/components/Togglable.js": {"path":"/home/hanninev/blogilista-frontend/src/components/Togglable.js","statementMap":{"0":{"start":{"line":6,"column":4},"end":{"line":6,"column":16}},"1":{"start":{"line":7,"column":4},"end":{"line":9,"column":5}},"2":{"start":{"line":13,"column":4},"end":{"line":13,"column":51}},"3":{"start":{"line":17,"column":28},"end":{"line":17,"column":73}},"4":{"start":{"line":18,"column":28},"end":{"line":18,"column":73}},"5":{"start":{"line":19,"column":4},"end":{"line":29,"column":5}},"6":{"start":{"line":33,"column":0},"end":{"line":35,"column":1}}},"fnMap":{"0":{"name":"(anonymous_0)","decl":{"start":{"line":5,"column":2},"end":{"line":5,"column":3}},"loc":{"start":{"line":5,"column":21},"end":{"line":10,"column":3}},"line":5},"1":{"name":"(anonymous_1)","decl":{"start":{"line":12,"column":21},"end":{"line":12,"column":22}},"loc":{"start":{"line":12,"column":27},"end":{"line":14,"column":3}},"line":12},"2":{"name":"(anonymous_2)","decl":{"start":{"line":16,"column":2},"end":{"line":16,"column":3}},"loc":{"start":{"line":16,"column":11},"end":{"line":30,"column":3}},"line":16}},"branchMap":{"0":{"loc":{"start":{"line":17,"column":39},"end":{"line":17,"column":71}},"type":"cond-expr","locations":[{"start":{"line":17,"column":60},"end":{"line":17,"column":66}},{"start":{"line":17,"column":69},"end":{"line":17,"column":71}}],"line":17},"1":{"loc":{"start":{"line":18,"column":39},"end":{"line":18,"column":71}},"type":"cond-expr","locations":[{"start":{"line":18,"column":60},"end":{"line":18,"column":62}},{"start":{"line":18,"column":65},"end":{"line":18,"column":71}}],"line":18}},"s":{"0":0,"1":0,"2":0,"3":0,"4":0,"5":0,"6":1},"f":{"0":0,"1":0,"2":0},"b":{"0":[0,0],"1":[0,0]},"_coverageSchema":"332fd63041d2c1bcb487cc26dd0d5f7d97098a6c","hash":"bdc6abda11309757585c054b1166f059a3d45aa1"}
,"/home/hanninev/blogilista-frontend/src/services/blogs.js": {"path":"/home/hanninev/blogilista-frontend/src/services/blogs.js","statementMap":{"0":{"start":{"line":2,"column":16},"end":{"line":2,"column":28}},"1":{"start":{"line":4,"column":12},"end":{"line":4,"column":16}},"2":{"start":{"line":6,"column":15},"end":{"line":9,"column":1}},"3":{"start":{"line":7,"column":18},"end":{"line":7,"column":36}},"4":{"start":{"line":8,"column":2},"end":{"line":8,"column":48}},"5":{"start":{"line":8,"column":34},"end":{"line":8,"column":47}},"6":{"start":{"line":11,"column":17},"end":{"line":13,"column":1}},"7":{"start":{"line":12,"column":2},"end":{"line":12,"column":30}},"8":{"start":{"line":15,"column":17},"end":{"line":17,"column":1}},"9":{"start":{"line":16,"column":2},"end":{"line":16,"column":19}},"10":{"start":{"line":19,"column":15},"end":{"line":26,"column":1}},"11":{"start":{"line":20,"column":17},"end":{"line":22,"column":3}},"12":{"start":{"line":24,"column":19},"end":{"line":24,"column":64}},"13":{"start":{"line":25,"column":2},"end":{"line":25,"column":22}},"14":{"start":{"line":28,"column":15},"end":{"line":31,"column":1}},"15":{"start":{"line":29,"column":18},"end":{"line":29,"column":58}},"16":{"start":{"line":30,"column":2},"end":{"line":30,"column":48}},"17":{"start":{"line":30,"column":34},"end":{"line":30,"column":47}},"18":{"start":{"line":33,"column":15},"end":{"line":39,"column":1}},"19":{"start":{"line":34,"column":19},"end":{"line":36,"column":3}},"20":{"start":{"line":38,"column":2},"end":{"line":38,"column":42}}},"fnMap":{"0":{"name":"(anonymous_0)","decl":{"start":{"line":6,"column":15},"end":{"line":6,"column":16}},"loc":{"start":{"line":6,"column":21},"end":{"line":9,"column":1}},"line":6},"1":{"name":"(anonymous_1)","decl":{"start":{"line":8,"column":22},"end":{"line":8,"column":23}},"loc":{"start":{"line":8,"column":34},"end":{"line":8,"column":47}},"line":8},"2":{"name":"(anonymous_2)","decl":{"start":{"line":11,"column":17},"end":{"line":11,"column":18}},"loc":{"start":{"line":11,"column":31},"end":{"line":13,"column":1}},"line":11},"3":{"name":"(anonymous_3)","decl":{"start":{"line":15,"column":17},"end":{"line":15,"column":18}},"loc":{"start":{"line":15,"column":23},"end":{"line":17,"column":1}},"line":15},"4":{"name":"(anonymous_4)","decl":{"start":{"line":19,"column":15},"end":{"line":19,"column":16}},"loc":{"start":{"line":19,"column":37},"end":{"line":26,"column":1}},"line":19},"5":{"name":"(anonymous_5)","decl":{"start":{"line":28,"column":15},"end":{"line":28,"column":16}},"loc":{"start":{"line":28,"column":34},"end":{"line":31,"column":1}},"line":28},"6":{"name":"(anonymous_6)","decl":{"start":{"line":30,"column":22},"end":{"line":30,"column":23}},"loc":{"start":{"line":30,"column":34},"end":{"line":30,"column":47}},"line":30},"7":{"name":"(anonymous_7)","decl":{"start":{"line":33,"column":15},"end":{"line":33,"column":16}},"loc":{"start":{"line":33,"column":23},"end":{"line":39,"column":1}},"line":33}},"branchMap":{},"s":{"0":1,"1":1,"2":1,"3":0,"4":0,"5":0,"6":1,"7":0,"8":1,"9":0,"10":1,"11":0,"12":0,"13":0,"14":1,"15":0,"16":0,"17":0,"18":1,"19":0,"20":0},"f":{"0":0,"1":0,"2":0,"3":0,"4":0,"5":0,"6":0,"7":0},"b":{},"_coverageSchema":"332fd63041d2c1bcb487cc26dd0d5f7d97098a6c","hash":"334731a25e4221723ac266a52e9af83ea53c9652"}
,"/home/hanninev/blogilista-frontend/src/services/login.js": {"path":"/home/hanninev/blogilista-frontend/src/services/login.js","statementMap":{"0":{"start":{"line":2,"column":16},"end":{"line":2,"column":28}},"1":{"start":{"line":4,"column":14},"end":{"line":7,"column":1}},"2":{"start":{"line":5,"column":19},"end":{"line":5,"column":57}},"3":{"start":{"line":6,"column":2},"end":{"line":6,"column":22}}},"fnMap":{"0":{"name":"(anonymous_0)","decl":{"start":{"line":4,"column":14},"end":{"line":4,"column":15}},"loc":{"start":{"line":4,"column":37},"end":{"line":7,"column":1}},"line":4}},"branchMap":{},"s":{"0":1,"1":1,"2":0,"3":0},"f":{"0":0},"b":{},"_coverageSchema":"332fd63041d2c1bcb487cc26dd0d5f7d97098a6c","hash":"c1ee5656a8812c6ed101f2bc12caa941a9a8d2dd"}
}
