TN:
SF:/home/hanninev/blogilista-frontend/src/App.js
FN:12,(anonymous_0)
FN:29,(anonymous_1)
FN:30,(anonymous_2)
FN:42,(anonymous_3)
FN:42,(anonymous_4)
FN:47,(anonymous_5)
FN:47,(anonymous_6)
FN:51,(anonymous_7)
FN:58,(anonymous_8)
FN:58,(anonymous_9)
FN:67,(anonymous_10)
FN:87,(anonymous_11)
FN:91,(anonymous_12)
FN:95,(anonymous_13)
FN:110,(anonymous_14)
FN:116,(anonymous_15)
FN:118,(anonymous_16)
FN:123,(anonymous_17)
FN:132,(anonymous_18)
FN:133,(anonymous_19)
FN:144,(anonymous_20)
FN:145,(anonymous_21)
FN:152,(anonymous_22)
FNF:23
FNH:5
FNDA:2,(anonymous_0)
FNDA:2,(anonymous_1)
FNDA:2,(anonymous_2)
FNDA:0,(anonymous_3)
FNDA:0,(anonymous_4)
FNDA:0,(anonymous_5)
FNDA:0,(anonymous_6)
FNDA:0,(anonymous_7)
FNDA:0,(anonymous_8)
FNDA:0,(anonymous_9)
FNDA:0,(anonymous_10)
FNDA:0,(anonymous_11)
FNDA:0,(anonymous_12)
FNDA:0,(anonymous_13)
FNDA:0,(anonymous_14)
FNDA:3,(anonymous_15)
FNDA:0,(anonymous_16)
FNDA:3,(anonymous_17)
FNDA:0,(anonymous_18)
FNDA:0,(anonymous_19)
FNDA:0,(anonymous_20)
FNDA:0,(anonymous_21)
FNDA:0,(anonymous_22)
DA:13,2
DA:14,2
DA:30,2
DA:31,2
DA:34,2
DA:35,2
DA:36,1
DA:37,1
DA:38,1
DA:42,0
DA:43,0
DA:44,0
DA:47,0
DA:48,0
DA:49,0
DA:50,0
DA:52,0
DA:58,0
DA:59,0
DA:61,0
DA:62,0
DA:63,0
DA:68,0
DA:69,0
DA:70,0
DA:76,0
DA:77,0
DA:78,0
DA:88,0
DA:92,0
DA:96,0
DA:97,0
DA:98,0
DA:103,0
DA:104,0
DA:105,0
DA:107,0
DA:110,0
DA:111,0
DA:117,3
DA:118,0
DA:119,0
DA:123,3
DA:124,3
DA:132,3
DA:133,0
DA:144,3
DA:145,0
DA:146,0
DA:149,0
DA:153,0
DA:157,3
LF:52
LH:15
BRDA:35,0,0,1
BRDA:35,0,1,1
BRDA:48,1,0,0
BRDA:48,1,1,0
BRDA:117,2,0,0
BRDA:117,2,1,3
BRDA:117,3,0,3
BRDA:117,3,1,3
BRDA:163,4,0,3
BRDA:163,4,1,0
BRF:10
BRH:6
end_of_record
TN:
SF:/home/hanninev/blogilista-frontend/src/index.js
FN:4,_interopRequireDefault
FNF:1
FNH:0
FNDA:0,_interopRequireDefault
DA:1,0
DA:2,0
DA:3,0
DA:4,0
DA:6,0
LF:5
LH:0
BRDA:4,0,0,0
BRDA:4,0,1,0
BRDA:4,1,0,0
BRDA:4,1,1,0
BRF:4
BRH:0
end_of_record
TN:
SF:/home/hanninev/blogilista-frontend/src/setupTests.js
FN:9,(anonymous_0)
FN:12,(anonymous_1)
FNF:2
FNH:2
FNDA:1,(anonymous_0)
FNDA:4,(anonymous_1)
DA:4,3
DA:6,3
DA:8,3
DA:10,1
DA:12,4
DA:16,3
LF:6
LH:6
BRF:0
BRH:0
end_of_record
TN:
SF:/home/hanninev/blogilista-frontend/src/components/Blog.js
FN:5,(anonymous_0)
FN:12,(anonymous_1)
FN:16,(anonymous_2)
FNF:3
FNH:2
FNDA:2,(anonymous_0)
FNDA:0,(anonymous_1)
FNDA:2,(anonymous_2)
DA:6,2
DA:7,2
DA:13,0
DA:17,2
DA:18,2
DA:19,2
DA:21,2
DA:22,2
DA:24,2
DA:32,2
DA:33,2
DA:34,2
DA:35,2
DA:36,0
DA:37,0
DA:41,0
LF:16
LH:12
BRDA:21,0,0,0
BRDA:21,0,1,2
BRDA:22,1,0,0
BRDA:22,1,1,2
BRDA:33,2,0,2
BRDA:33,2,1,0
BRDA:36,3,0,0
BRDA:36,3,1,0
BRF:8
BRH:3
end_of_record
TN:
SF:/home/hanninev/blogilista-frontend/src/components/BlogForm.js
FN:4,(anonymous_0)
FNF:1
FNH:0
FNDA:0,(anonymous_0)
DA:4,1
DA:7,0
DA:43,1
LF:3
LH:2
BRF:0
BRH:0
end_of_record
TN:
SF:/home/hanninev/blogilista-frontend/src/components/LoginForm.js
FN:4,(anonymous_0)
FNF:1
FNH:1
FNDA:3,(anonymous_0)
DA:4,1
DA:7,3
DA:34,1
LF:3
LH:3
BRF:0
BRH:0
end_of_record
TN:
SF:/home/hanninev/blogilista-frontend/src/components/Notification.js
FN:3,(anonymous_0)
FNF:1
FNH:1
FNDA:3,(anonymous_0)
DA:3,1
DA:4,3
DA:5,0
DA:11,3
DA:12,0
DA:18,3
LF:6
LH:4
BRDA:4,0,0,0
BRDA:4,0,1,3
BRDA:11,1,0,0
BRDA:11,1,1,3
BRF:4
BRH:2
end_of_record
TN:
SF:/home/hanninev/blogilista-frontend/src/components/SimpleBlog.js
FN:3,(anonymous_0)
FNF:1
FNH:1
FNDA:2,(anonymous_0)
DA:3,2
DA:4,2
LF:2
LH:2
BRF:0
BRH:0
end_of_record
TN:
SF:/home/hanninev/blogilista-frontend/src/components/Togglable.js
FN:5,(anonymous_0)
FN:12,(anonymous_1)
FN:16,(anonymous_2)
FNF:3
FNH:0
FNDA:0,(anonymous_0)
FNDA:0,(anonymous_1)
FNDA:0,(anonymous_2)
DA:6,0
DA:7,0
DA:13,0
DA:17,0
DA:18,0
DA:19,0
DA:33,1
LF:7
LH:1
BRDA:17,0,0,0
BRDA:17,0,1,0
BRDA:18,1,0,0
BRDA:18,1,1,0
BRF:4
BRH:0
end_of_record
TN:
SF:/home/hanninev/blogilista-frontend/src/services/blogs.js
FN:6,(anonymous_0)
FN:8,(anonymous_1)
FN:11,(anonymous_2)
FN:15,(anonymous_3)
FN:19,(anonymous_4)
FN:28,(anonymous_5)
FN:30,(anonymous_6)
FN:33,(anonymous_7)
FNF:8
FNH:0
FNDA:0,(anonymous_0)
FNDA:0,(anonymous_1)
FNDA:0,(anonymous_2)
FNDA:0,(anonymous_3)
FNDA:0,(anonymous_4)
FNDA:0,(anonymous_5)
FNDA:0,(anonymous_6)
FNDA:0,(anonymous_7)
DA:2,1
DA:4,1
DA:6,1
DA:7,0
DA:8,0
DA:11,1
DA:12,0
DA:15,1
DA:16,0
DA:19,1
DA:20,0
DA:24,0
DA:25,0
DA:28,1
DA:29,0
DA:30,0
DA:33,1
DA:34,0
DA:38,0
LF:19
LH:8
BRF:0
BRH:0
end_of_record
TN:
SF:/home/hanninev/blogilista-frontend/src/services/login.js
FN:4,(anonymous_0)
FNF:1
FNH:0
FNDA:0,(anonymous_0)
DA:2,1
DA:4,1
DA:5,0
DA:6,0
LF:4
LH:2
BRF:0
BRH:0
end_of_record
